<?xml version="1.0" encoding="UTF-8"?>
<testng-results ignored="0" total="1" passed="1" failed="0" skipped="0">
  <reporter-output>
  </reporter-output>
  <suite started-at="2020-02-26T14:16:13 GMT" name="Default suite" finished-at="2020-02-26T14:16:30 GMT" duration-ms="17091">
    <groups>
    </groups>
    <test started-at="2020-02-26T14:16:13 GMT" name="Default test" finished-at="2020-02-26T14:16:30 GMT" duration-ms="17091">
      <class name="AjaxControlToolkit.AjaxApplication">
        <test-method signature="HoverMenu()[pri:0, instance:AjaxControlToolkit.AjaxApplication@49c386c8]" started-at="2020-02-26T14:16:13 GMT" name="HoverMenu" finished-at="2020-02-26T14:16:30 GMT" duration-ms="17007" status="PASS">
          <reporter-output>
          </reporter-output>
        </test-method> <!-- HoverMenu -->
      </class> <!-- AjaxControlToolkit.AjaxApplication -->
    </test> <!-- Default test -->
  </suite> <!-- Default suite -->
</testng-results>
